SMS send failed for phone: 09196397610
SMS send failed for phone: 09196397610
SMS send failed for phone: 09196397610
SMS send failed for phone: 09274036404
SMS send failed for phone: +63274036404
Exception in api/resend-otp.php: mysqli_stmt::bind_param(): Argument #2 cannot be passed by reference
#0 {main}SMS send failed for phone: +63274036404
SMS send failed for phone: +63274036404
SMS send failed for phone: +63274036404
SMS send failed for phone: +63274036404
SMS send failed for phone: +63274036404
SMS send failed for phone: +63274036404
SMS send failed for phone: +63274036404
SMS send failed for phone: +63274036404
SMS send failed for phone: +63274036404
SMS send failed for phone: +63274036404
SMS send failed for phone: +63274036404
SMS send failed for phone: +63274036404
PHPMailer exception: SMTP Error: Could not authenticate.
Email send failed for email: karlledesma2007@gmail.com
PHPMailer exception: SMTP Error: Could not authenticate.
Email send failed for email: test@local.test
PHPMailer exception: SMTP Error: Could not authenticate.
Email send failed for email: karlledesma2007@gmail.com
PHPMailer exception: SMTP Error: Could not authenticate.
PHPMailer exception: SMTP Error: Could not authenticate.
PHPMailer exception: SMTP Error: Could not authenticate.
PHPMailer exception: SMTP Error: Could not authenticate.
[PHPMailer debug] SERVER -> CLIENT: 220 smtp.gmail.com ESMTP d2e1a72fcca58-7d15f177566sm10176889b3a.51 - gsmtp

[PHPMailer debug] CLIENT -> SERVER: EHLO WIN-DKA90AGE0AN

[PHPMailer debug] SERVER -> CLIENT: 250-smtp.gmail.com at your service, [2001:4450:4fde:5100:84b4:d7f4:3d96:f56]
250-SIZE 35882577
250-8BITMIME
250-STARTTLS
250-ENHANCEDSTATUSCODES
250-PIPELINING
250-CHUNKING
250 SMTPUTF8

[PHPMailer debug] CLIENT -> SERVER: STARTTLS

[PHPMailer debug] SERVER -> CLIENT: 220 2.0.0 Ready to start TLS

[PHPMailer debug] CLIENT -> SERVER: EHLO WIN-DKA90AGE0AN

[PHPMailer debug] SERVER -> CLIENT: 250-smtp.gmail.com at your service, [2001:4450:4fde:5100:84b4:d7f4:3d96:f56]
250-SIZE 35882577
250-8BITMIME
250-AUTH LOGIN PLAIN XOAUTH2 PLAIN-CLIENTTOKEN OAUTHBEARER XOAUTH
250-ENHANCEDSTATUSCODES
250-PIPELINING
250-CHUNKING
250 SMTPUTF8

[PHPMailer debug] CLIENT -> SERVER: AUTH LOGIN

[PHPMailer debug] SERVER -> CLIENT: 334 VXNlcm5hbWU6

[PHPMailer debug] CLIENT -> SERVER: [credentials hidden]
[PHPMailer debug] SERVER -> CLIENT: 334 UGFzc3dvcmQ6

[PHPMailer debug] CLIENT -> SERVER: [credentials hidden]
[PHPMailer debug] SERVER -> CLIENT: 235 2.7.0 Accepted

[PHPMailer debug] CLIENT -> SERVER: MAIL FROM:<renzledesma2007@gmail.com>

[PHPMailer debug] SERVER -> CLIENT: 250 2.1.0 OK d2e1a72fcca58-7d15f177566sm10176889b3a.51 - gsmtp

[PHPMailer debug] CLIENT -> SERVER: RCPT TO:<renzledesma2007@gmail.com>

[PHPMailer debug] SERVER -> CLIENT: 250 2.1.5 OK d2e1a72fcca58-7d15f177566sm10176889b3a.51 - gsmtp

[PHPMailer debug] CLIENT -> SERVER: DATA

[PHPMailer debug] SERVER -> CLIENT: 354 Go ahead d2e1a72fcca58-7d15f177566sm10176889b3a.51 - gsmtp

[PHPMailer debug] CLIENT -> SERVER: Date: Sun, 30 Nov 2025 11:59:46 +0100

[PHPMailer debug] CLIENT -> SERVER: To: renzledesma2007@gmail.com

[PHPMailer debug] CLIENT -> SERVER: From: 4D Signs <renzledesma2007@gmail.com>

[PHPMailer debug] CLIENT -> SERVER: Subject: 4D-Signs Test Email

[PHPMailer debug] CLIENT -> SERVER: Message-ID: <dxhe9VQXhKpjhQmruVwCAkHskUkwNMiKfidan8Vig@WIN-DKA90AGE0AN>

[PHPMailer debug] CLIENT -> SERVER: X-Mailer: PHPMailer 7.0.1 (https://github.com/PHPMailer/PHPMailer)

[PHPMailer debug] CLIENT -> SERVER: MIME-Version: 1.0

[PHPMailer debug] CLIENT -> SERVER: Content-Type: text/plain; charset=iso-8859-1

[PHPMailer debug] CLIENT -> SERVER: 

[PHPMailer debug] CLIENT -> SERVER: Hello from 4D-Signs

[PHPMailer debug] CLIENT -> SERVER: 

[PHPMailer debug] CLIENT -> SERVER: .

[PHPMailer debug] SERVER -> CLIENT: 250 2.0.0 OK  1764500389 d2e1a72fcca58-7d15f177566sm10176889b3a.51 - gsmtp

[PHPMailer debug] CLIENT -> SERVER: QUIT

[PHPMailer debug] SERVER -> CLIENT: 221 2.0.0 closing connection d2e1a72fcca58-7d15f177566sm10176889b3a.51 - gsmtp

[PHPMailer debug] SERVER -> CLIENT: 220 smtp.gmail.com ESMTP 41be03b00d2f7-be4fb434e8esm9179503a12.4 - gsmtp

[PHPMailer debug] CLIENT -> SERVER: EHLO WIN-DKA90AGE0AN

[PHPMailer debug] SERVER -> CLIENT: 250-smtp.gmail.com at your service, [2001:4450:4fde:5100:84b4:d7f4:3d96:f56]
250-SIZE 35882577
250-8BITMIME
250-STARTTLS
250-ENHANCEDSTATUSCODES
250-PIPELINING
250-CHUNKING
250 SMTPUTF8

[PHPMailer debug] CLIENT -> SERVER: STARTTLS

[PHPMailer debug] SERVER -> CLIENT: 220 2.0.0 Ready to start TLS

[PHPMailer debug] CLIENT -> SERVER: EHLO WIN-DKA90AGE0AN

[PHPMailer debug] SERVER -> CLIENT: 250-smtp.gmail.com at your service, [2001:4450:4fde:5100:84b4:d7f4:3d96:f56]
250-SIZE 35882577
250-8BITMIME
250-AUTH LOGIN PLAIN XOAUTH2 PLAIN-CLIENTTOKEN OAUTHBEARER XOAUTH
250-ENHANCEDSTATUSCODES
250-PIPELINING
250-CHUNKING
250 SMTPUTF8

[PHPMailer debug] CLIENT -> SERVER: AUTH LOGIN

[PHPMailer debug] SERVER -> CLIENT: 334 VXNlcm5hbWU6

[PHPMailer debug] CLIENT -> SERVER: [credentials hidden]
[PHPMailer debug] SERVER -> CLIENT: 334 UGFzc3dvcmQ6

[PHPMailer debug] CLIENT -> SERVER: [credentials hidden]
[PHPMailer debug] SERVER -> CLIENT: 235 2.7.0 Accepted

[PHPMailer debug] CLIENT -> SERVER: MAIL FROM:<renzledesma2007@gmail.com>

[PHPMailer debug] SERVER -> CLIENT: 250 2.1.0 OK 41be03b00d2f7-be4fb434e8esm9179503a12.4 - gsmtp

[PHPMailer debug] CLIENT -> SERVER: RCPT TO:<your.email@gmail.com>

[PHPMailer debug] SERVER -> CLIENT: 250 2.1.5 OK 41be03b00d2f7-be4fb434e8esm9179503a12.4 - gsmtp

[PHPMailer debug] CLIENT -> SERVER: DATA

[PHPMailer debug] SERVER -> CLIENT: 354 Go ahead 41be03b00d2f7-be4fb434e8esm9179503a12.4 - gsmtp

[PHPMailer debug] CLIENT -> SERVER: Date: Sun, 30 Nov 2025 12:00:39 +0100

[PHPMailer debug] CLIENT -> SERVER: To: your.email@gmail.com

[PHPMailer debug] CLIENT -> SERVER: From: 4D Signs <renzledesma2007@gmail.com>

[PHPMailer debug] CLIENT -> SERVER: Subject: 4D-Signs Test Email

[PHPMailer debug] CLIENT -> SERVER: Message-ID: <0tiF65EfQcHGEUWBdbOCK8a9qZClBUGrh1pijgkQ8LE@WIN-DKA90AGE0AN>

[PHPMailer debug] CLIENT -> SERVER: X-Mailer: PHPMailer 7.0.1 (https://github.com/PHPMailer/PHPMailer)

[PHPMailer debug] CLIENT -> SERVER: MIME-Version: 1.0

[PHPMailer debug] CLIENT -> SERVER: Content-Type: text/plain; charset=iso-8859-1

[PHPMailer debug] CLIENT -> SERVER: 

[PHPMailer debug] CLIENT -> SERVER: 4D-Signs test

[PHPMailer debug] CLIENT -> SERVER: 

[PHPMailer debug] CLIENT -> SERVER: .

[PHPMailer debug] SERVER -> CLIENT: 250 2.0.0 OK  1764500443 41be03b00d2f7-be4fb434e8esm9179503a12.4 - gsmtp

[PHPMailer debug] CLIENT -> SERVER: QUIT

[PHPMailer debug] SERVER -> CLIENT: 221 2.0.0 closing connection 41be03b00d2f7-be4fb434e8esm9179503a12.4 - gsmtp

[PHPMailer debug] SERVER -> CLIENT: 220 smtp.gmail.com ESMTP 41be03b00d2f7-be5093b5b79sm9277439a12.25 - gsmtp

[PHPMailer debug] CLIENT -> SERVER: EHLO WIN-DKA90AGE0AN

[PHPMailer debug] SERVER -> CLIENT: 250-smtp.gmail.com at your service, [2001:4450:4fde:5100:84b4:d7f4:3d96:f56]
250-SIZE 35882577
250-8BITMIME
250-STARTTLS
250-ENHANCEDSTATUSCODES
250-PIPELINING
250-CHUNKING
250 SMTPUTF8

[PHPMailer debug] CLIENT -> SERVER: STARTTLS

[PHPMailer debug] SERVER -> CLIENT: 220 2.0.0 Ready to start TLS

[PHPMailer debug] CLIENT -> SERVER: EHLO WIN-DKA90AGE0AN

[PHPMailer debug] SERVER -> CLIENT: 250-smtp.gmail.com at your service, [2001:4450:4fde:5100:84b4:d7f4:3d96:f56]
250-SIZE 35882577
250-8BITMIME
250-AUTH LOGIN PLAIN XOAUTH2 PLAIN-CLIENTTOKEN OAUTHBEARER XOAUTH
250-ENHANCEDSTATUSCODES
250-PIPELINING
250-CHUNKING
250 SMTPUTF8

[PHPMailer debug] CLIENT -> SERVER: AUTH LOGIN

[PHPMailer debug] SERVER -> CLIENT: 334 VXNlcm5hbWU6

[PHPMailer debug] CLIENT -> SERVER: [credentials hidden]
[PHPMailer debug] SERVER -> CLIENT: 334 UGFzc3dvcmQ6

[PHPMailer debug] CLIENT -> SERVER: [credentials hidden]
[PHPMailer debug] SERVER -> CLIENT: 235 2.7.0 Accepted

[PHPMailer debug] CLIENT -> SERVER: MAIL FROM:<renzledesma2007@gmail.com>

[PHPMailer debug] SERVER -> CLIENT: 250 2.1.0 OK 41be03b00d2f7-be5093b5b79sm9277439a12.25 - gsmtp

[PHPMailer debug] CLIENT -> SERVER: RCPT TO:<karlledesma2007.email@gmail.com>

[PHPMailer debug] SERVER -> CLIENT: 250 2.1.5 OK 41be03b00d2f7-be5093b5b79sm9277439a12.25 - gsmtp

[PHPMailer debug] CLIENT -> SERVER: DATA

[PHPMailer debug] SERVER -> CLIENT: 354 Go ahead 41be03b00d2f7-be5093b5b79sm9277439a12.25 - gsmtp

[PHPMailer debug] CLIENT -> SERVER: Date: Sun, 30 Nov 2025 12:01:23 +0100

[PHPMailer debug] CLIENT -> SERVER: To: karlledesma2007.email@gmail.com

[PHPMailer debug] CLIENT -> SERVER: From: 4D Signs <renzledesma2007@gmail.com>

[PHPMailer debug] CLIENT -> SERVER: Subject: 4D-Signs Test Email

[PHPMailer debug] CLIENT -> SERVER: Message-ID: <bOVbSgzxYECdb0llir5ZYX3ECAaCrwYR0acwuhrSik@WIN-DKA90AGE0AN>

[PHPMailer debug] CLIENT -> SERVER: X-Mailer: PHPMailer 7.0.1 (https://github.com/PHPMailer/PHPMailer)

[PHPMailer debug] CLIENT -> SERVER: MIME-Version: 1.0

[PHPMailer debug] CLIENT -> SERVER: Content-Type: text/plain; charset=iso-8859-1

[PHPMailer debug] CLIENT -> SERVER: 

[PHPMailer debug] CLIENT -> SERVER: 4D-Signs test

[PHPMailer debug] CLIENT -> SERVER: 

[PHPMailer debug] CLIENT -> SERVER: .

[PHPMailer debug] SERVER -> CLIENT: 250 2.0.0 OK  1764500486 41be03b00d2f7-be5093b5b79sm9277439a12.25 - gsmtp

[PHPMailer debug] CLIENT -> SERVER: QUIT

[PHPMailer debug] SERVER -> CLIENT: 221 2.0.0 closing connection 41be03b00d2f7-be5093b5b79sm9277439a12.25 - gsmtp

[PHPMailer debug] SERVER -> CLIENT: 220 smtp.gmail.com ESMTP d9443c01a7336-29bceb5dc73sm93342545ad.98 - gsmtp

[PHPMailer debug] CLIENT -> SERVER: EHLO WIN-DKA90AGE0AN

[PHPMailer debug] SERVER -> CLIENT: 250-smtp.gmail.com at your service, [2001:4450:4fde:5100:84b4:d7f4:3d96:f56]
250-SIZE 35882577
250-8BITMIME
250-STARTTLS
250-ENHANCEDSTATUSCODES
250-PIPELINING
250-CHUNKING
250 SMTPUTF8

[PHPMailer debug] CLIENT -> SERVER: STARTTLS

[PHPMailer debug] SERVER -> CLIENT: 220 2.0.0 Ready to start TLS

[PHPMailer debug] CLIENT -> SERVER: EHLO WIN-DKA90AGE0AN

[PHPMailer debug] SERVER -> CLIENT: 250-smtp.gmail.com at your service, [2001:4450:4fde:5100:84b4:d7f4:3d96:f56]
250-SIZE 35882577
250-8BITMIME
250-AUTH LOGIN PLAIN XOAUTH2 PLAIN-CLIENTTOKEN OAUTHBEARER XOAUTH
250-ENHANCEDSTATUSCODES
250-PIPELINING
250-CHUNKING
250 SMTPUTF8

[PHPMailer debug] CLIENT -> SERVER: AUTH LOGIN

[PHPMailer debug] SERVER -> CLIENT: 334 VXNlcm5hbWU6

[PHPMailer debug] CLIENT -> SERVER: [credentials hidden]
[PHPMailer debug] SERVER -> CLIENT: 334 UGFzc3dvcmQ6

[PHPMailer debug] CLIENT -> SERVER: [credentials hidden]
[PHPMailer debug] SERVER -> CLIENT: 235 2.7.0 Accepted

[PHPMailer debug] CLIENT -> SERVER: MAIL FROM:<renzledesma2007@gmail.com>

[PHPMailer debug] SERVER -> CLIENT: 250 2.1.0 OK d9443c01a7336-29bceb5dc73sm93342545ad.98 - gsmtp

[PHPMailer debug] CLIENT -> SERVER: RCPT TO:<karlledesma2007.gmail@gmail.com>

[PHPMailer debug] SERVER -> CLIENT: 250 2.1.5 OK d9443c01a7336-29bceb5dc73sm93342545ad.98 - gsmtp

[PHPMailer debug] CLIENT -> SERVER: DATA

[PHPMailer debug] SERVER -> CLIENT: 354 Go ahead d9443c01a7336-29bceb5dc73sm93342545ad.98 - gsmtp

[PHPMailer debug] CLIENT -> SERVER: Date: Sun, 30 Nov 2025 12:05:22 +0100

[PHPMailer debug] CLIENT -> SERVER: To: karlledesma2007.gmail@gmail.com

[PHPMailer debug] CLIENT -> SERVER: From: 4D Signs <renzledesma2007@gmail.com>

[PHPMailer debug] CLIENT -> SERVER: Subject: 4D-Signs Test Email

[PHPMailer debug] CLIENT -> SERVER: Message-ID: <M3bUgFQt5RS4EaK1d7JMSltehOSg8eYVgElJrYhNhGI@WIN-DKA90AGE0AN>

[PHPMailer debug] CLIENT -> SERVER: X-Mailer: PHPMailer 7.0.1 (https://github.com/PHPMailer/PHPMailer)

[PHPMailer debug] CLIENT -> SERVER: MIME-Version: 1.0

[PHPMailer debug] CLIENT -> SERVER: Content-Type: text/plain; charset=iso-8859-1

[PHPMailer debug] CLIENT -> SERVER: 

[PHPMailer debug] CLIENT -> SERVER: 4D-Signs test

[PHPMailer debug] CLIENT -> SERVER: 

[PHPMailer debug] CLIENT -> SERVER: .

[PHPMailer debug] SERVER -> CLIENT: 250 2.0.0 OK  1764500725 d9443c01a7336-29bceb5dc73sm93342545ad.98 - gsmtp

[PHPMailer debug] CLIENT -> SERVER: QUIT

[PHPMailer debug] SERVER -> CLIENT: 221 2.0.0 closing connection d9443c01a7336-29bceb5dc73sm93342545ad.98 - gsmtp

PHPMailer exception: Invalid address:  (to): karlledesma2007.gmail.com
[PHPMailer debug] SERVER -> CLIENT: 220 smtp.gmail.com ESMTP d9443c01a7336-29bce40aca4sm90778935ad.8 - gsmtp

[PHPMailer debug] CLIENT -> SERVER: EHLO WIN-DKA90AGE0AN

[PHPMailer debug] SERVER -> CLIENT: 250-smtp.gmail.com at your service, [2001:4450:4fde:5100:84b4:d7f4:3d96:f56]
250-SIZE 35882577
250-8BITMIME
250-STARTTLS
250-ENHANCEDSTATUSCODES
250-PIPELINING
250-CHUNKING
250 SMTPUTF8

[PHPMailer debug] CLIENT -> SERVER: STARTTLS

[PHPMailer debug] SERVER -> CLIENT: 220 2.0.0 Ready to start TLS

[PHPMailer debug] CLIENT -> SERVER: EHLO WIN-DKA90AGE0AN

[PHPMailer debug] SERVER -> CLIENT: 250-smtp.gmail.com at your service, [2001:4450:4fde:5100:84b4:d7f4:3d96:f56]
250-SIZE 35882577
250-8BITMIME
250-AUTH LOGIN PLAIN XOAUTH2 PLAIN-CLIENTTOKEN OAUTHBEARER XOAUTH
250-ENHANCEDSTATUSCODES
250-PIPELINING
250-CHUNKING
250 SMTPUTF8

[PHPMailer debug] CLIENT -> SERVER: AUTH LOGIN

[PHPMailer debug] SERVER -> CLIENT: 334 VXNlcm5hbWU6

[PHPMailer debug] CLIENT -> SERVER: [credentials hidden]
[PHPMailer debug] SERVER -> CLIENT: 334 UGFzc3dvcmQ6

[PHPMailer debug] CLIENT -> SERVER: [credentials hidden]
[PHPMailer debug] SERVER -> CLIENT: 235 2.7.0 Accepted

[PHPMailer debug] CLIENT -> SERVER: MAIL FROM:<renzledesma2007@gmail.com>

[PHPMailer debug] SERVER -> CLIENT: 250 2.1.0 OK d9443c01a7336-29bce40aca4sm90778935ad.8 - gsmtp

[PHPMailer debug] CLIENT -> SERVER: RCPT TO:<karlledesma2007@gmail.com>

[PHPMailer debug] SERVER -> CLIENT: 250 2.1.5 OK d9443c01a7336-29bce40aca4sm90778935ad.8 - gsmtp

[PHPMailer debug] CLIENT -> SERVER: DATA

[PHPMailer debug] SERVER -> CLIENT: 354 Go ahead d9443c01a7336-29bce40aca4sm90778935ad.8 - gsmtp

[PHPMailer debug] CLIENT -> SERVER: Date: Sun, 30 Nov 2025 12:06:34 +0100

[PHPMailer debug] CLIENT -> SERVER: To: karlledesma2007@gmail.com

[PHPMailer debug] CLIENT -> SERVER: From: 4D Signs <renzledesma2007@gmail.com>

[PHPMailer debug] CLIENT -> SERVER: Subject: 4D-Signs Test Email

[PHPMailer debug] CLIENT -> SERVER: Message-ID: <z27fHIReum2ATYXPkxHymdaL9ZOiUz5ncBtyLP1CQ@WIN-DKA90AGE0AN>

[PHPMailer debug] CLIENT -> SERVER: X-Mailer: PHPMailer 7.0.1 (https://github.com/PHPMailer/PHPMailer)

[PHPMailer debug] CLIENT -> SERVER: MIME-Version: 1.0

[PHPMailer debug] CLIENT -> SERVER: Content-Type: text/plain; charset=iso-8859-1

[PHPMailer debug] CLIENT -> SERVER: 

[PHPMailer debug] CLIENT -> SERVER: 4D-Signs test

[PHPMailer debug] CLIENT -> SERVER: 

[PHPMailer debug] CLIENT -> SERVER: .

[PHPMailer debug] SERVER -> CLIENT: 250 2.0.0 OK  1764500798 d9443c01a7336-29bce40aca4sm90778935ad.8 - gsmtp

[PHPMailer debug] CLIENT -> SERVER: QUIT

[PHPMailer debug] SERVER -> CLIENT: 221 2.0.0 closing connection d9443c01a7336-29bce40aca4sm90778935ad.8 - gsmtp

[PHPMailer debug] SERVER -> CLIENT: 220 smtp.gmail.com ESMTP d9443c01a7336-29bce41afe1sm92355165ad.1 - gsmtp

[PHPMailer debug] CLIENT -> SERVER: EHLO localhost

[PHPMailer debug] SERVER -> CLIENT: 250-smtp.gmail.com at your service, [2001:4450:4fde:5100:84b4:d7f4:3d96:f56]
250-SIZE 35882577
250-8BITMIME
250-STARTTLS
250-ENHANCEDSTATUSCODES
250-PIPELINING
250-CHUNKING
250 SMTPUTF8

[PHPMailer debug] CLIENT -> SERVER: STARTTLS

[PHPMailer debug] SERVER -> CLIENT: 220 2.0.0 Ready to start TLS

[PHPMailer debug] CLIENT -> SERVER: EHLO localhost

[PHPMailer debug] SERVER -> CLIENT: 250-smtp.gmail.com at your service, [2001:4450:4fde:5100:84b4:d7f4:3d96:f56]
250-SIZE 35882577
250-8BITMIME
250-AUTH LOGIN PLAIN XOAUTH2 PLAIN-CLIENTTOKEN OAUTHBEARER XOAUTH
250-ENHANCEDSTATUSCODES
250-PIPELINING
250-CHUNKING
250 SMTPUTF8

[PHPMailer debug] CLIENT -> SERVER: AUTH LOGIN

[PHPMailer debug] SERVER -> CLIENT: 334 VXNlcm5hbWU6

[PHPMailer debug] CLIENT -> SERVER: [credentials hidden]
[PHPMailer debug] SERVER -> CLIENT: 334 UGFzc3dvcmQ6

[PHPMailer debug] CLIENT -> SERVER: [credentials hidden]
[PHPMailer debug] SERVER -> CLIENT: 235 2.7.0 Accepted

[PHPMailer debug] CLIENT -> SERVER: MAIL FROM:<renzledesma2007@gmail.com>

[PHPMailer debug] SERVER -> CLIENT: 250 2.1.0 OK d9443c01a7336-29bce41afe1sm92355165ad.1 - gsmtp

[PHPMailer debug] CLIENT -> SERVER: RCPT TO:<karlledesma2007@gmail.com>

[PHPMailer debug] SERVER -> CLIENT: 250 2.1.5 OK d9443c01a7336-29bce41afe1sm92355165ad.1 - gsmtp

[PHPMailer debug] CLIENT -> SERVER: DATA

[PHPMailer debug] SERVER -> CLIENT: 354 Go ahead d9443c01a7336-29bce41afe1sm92355165ad.1 - gsmtp

[PHPMailer debug] CLIENT -> SERVER: Date: Sun, 30 Nov 2025 12:08:07 +0100

[PHPMailer debug] CLIENT -> SERVER: To: karlledesma2007@gmail.com

[PHPMailer debug] CLIENT -> SERVER: From: 4D Signs <renzledesma2007@gmail.com>

[PHPMailer debug] CLIENT -> SERVER: Subject: =?iso-8859-1?Q?4D_Signs_=E2=80=94_Verification_Code?=

[PHPMailer debug] CLIENT -> SERVER: Message-ID: <2Yny5n3yP0YI38jc3AcBynyOvJd2vwcc0LDE6E64xo@localhost>

[PHPMailer debug] CLIENT -> SERVER: X-Mailer: PHPMailer 7.0.1 (https://github.com/PHPMailer/PHPMailer)

[PHPMailer debug] CLIENT -> SERVER: MIME-Version: 1.0

[PHPMailer debug] CLIENT -> SERVER: Content-Type: text/plain; charset=iso-8859-1

[PHPMailer debug] CLIENT -> SERVER: 

[PHPMailer debug] CLIENT -> SERVER: Your OTP code is: 440069

[PHPMailer debug] CLIENT -> SERVER: This code expires in 15 minutes.

[PHPMailer debug] CLIENT -> SERVER: 

[PHPMailer debug] CLIENT -> SERVER: .

[PHPMailer debug] SERVER -> CLIENT: 250 2.0.0 OK  1764500890 d9443c01a7336-29bce41afe1sm92355165ad.1 - gsmtp

[PHPMailer debug] CLIENT -> SERVER: QUIT

[PHPMailer debug] SERVER -> CLIENT: 221 2.0.0 closing connection d9443c01a7336-29bce41afe1sm92355165ad.1 - gsmtp

[PHPMailer debug] SERVER -> CLIENT: 220 smtp.gmail.com ESMTP d9443c01a7336-29bceb40281sm92626145ad.70 - gsmtp

[PHPMailer debug] CLIENT -> SERVER: EHLO localhost

[PHPMailer debug] SERVER -> CLIENT: 250-smtp.gmail.com at your service, [2001:4450:4fde:5100:84b4:d7f4:3d96:f56]
250-SIZE 35882577
250-8BITMIME
250-STARTTLS
250-ENHANCEDSTATUSCODES
250-PIPELINING
250-CHUNKING
250 SMTPUTF8

[PHPMailer debug] CLIENT -> SERVER: STARTTLS

[PHPMailer debug] SERVER -> CLIENT: 220 2.0.0 Ready to start TLS

[PHPMailer debug] CLIENT -> SERVER: EHLO localhost

[PHPMailer debug] SERVER -> CLIENT: 250-smtp.gmail.com at your service, [2001:4450:4fde:5100:84b4:d7f4:3d96:f56]
250-SIZE 35882577
250-8BITMIME
250-AUTH LOGIN PLAIN XOAUTH2 PLAIN-CLIENTTOKEN OAUTHBEARER XOAUTH
250-ENHANCEDSTATUSCODES
250-PIPELINING
250-CHUNKING
250 SMTPUTF8

[PHPMailer debug] CLIENT -> SERVER: AUTH LOGIN

[PHPMailer debug] SERVER -> CLIENT: 334 VXNlcm5hbWU6

[PHPMailer debug] CLIENT -> SERVER: [credentials hidden]
[PHPMailer debug] SERVER -> CLIENT: 334 UGFzc3dvcmQ6

[PHPMailer debug] CLIENT -> SERVER: [credentials hidden]
[PHPMailer debug] SERVER -> CLIENT: 235 2.7.0 Accepted

[PHPMailer debug] CLIENT -> SERVER: MAIL FROM:<renzledesma2007@gmail.com>

[PHPMailer debug] SERVER -> CLIENT: 250 2.1.0 OK d9443c01a7336-29bceb40281sm92626145ad.70 - gsmtp

[PHPMailer debug] CLIENT -> SERVER: RCPT TO:<ayevangelista.27@gmail.com>

[PHPMailer debug] SERVER -> CLIENT: 250 2.1.5 OK d9443c01a7336-29bceb40281sm92626145ad.70 - gsmtp

[PHPMailer debug] CLIENT -> SERVER: DATA

[PHPMailer debug] SERVER -> CLIENT: 354 Go ahead d9443c01a7336-29bceb40281sm92626145ad.70 - gsmtp

[PHPMailer debug] CLIENT -> SERVER: Date: Sun, 30 Nov 2025 12:11:17 +0100

[PHPMailer debug] CLIENT -> SERVER: To: ayevangelista.27@gmail.com

[PHPMailer debug] CLIENT -> SERVER: From: 4D Signs <renzledesma2007@gmail.com>

[PHPMailer debug] CLIENT -> SERVER: Subject: =?iso-8859-1?Q?4D_Signs_=E2=80=94_Verification_Code?=

[PHPMailer debug] CLIENT -> SERVER: Message-ID: <dltdNNcvopA4US1vix4aYGxJTVkvwrv9kyZmVeDEs@localhost>

[PHPMailer debug] CLIENT -> SERVER: X-Mailer: PHPMailer 7.0.1 (https://github.com/PHPMailer/PHPMailer)

[PHPMailer debug] CLIENT -> SERVER: MIME-Version: 1.0

[PHPMailer debug] CLIENT -> SERVER: Content-Type: text/plain; charset=iso-8859-1

[PHPMailer debug] CLIENT -> SERVER: 

[PHPMailer debug] CLIENT -> SERVER: Your OTP code is: 481530

[PHPMailer debug] CLIENT -> SERVER: This code expires in 15 minutes.

[PHPMailer debug] CLIENT -> SERVER: 

[PHPMailer debug] CLIENT -> SERVER: .

[PHPMailer debug] SERVER -> CLIENT: 250 2.0.0 OK  1764501080 d9443c01a7336-29bceb40281sm92626145ad.70 - gsmtp

[PHPMailer debug] CLIENT -> SERVER: QUIT

[PHPMailer debug] SERVER -> CLIENT: 221 2.0.0 closing connection d9443c01a7336-29bceb40281sm92626145ad.70 - gsmtp

[PHPMailer debug] SERVER -> CLIENT: 220 smtp.gmail.com ESMTP d2e1a72fcca58-7d15fb1486asm10224707b3a.61 - gsmtp

[PHPMailer debug] CLIENT -> SERVER: EHLO localhost

[PHPMailer debug] SERVER -> CLIENT: 250-smtp.gmail.com at your service, [2001:4450:4fde:5100:84b4:d7f4:3d96:f56]
250-SIZE 35882577
250-8BITMIME
250-STARTTLS
250-ENHANCEDSTATUSCODES
250-PIPELINING
250-CHUNKING
250 SMTPUTF8

[PHPMailer debug] CLIENT -> SERVER: STARTTLS

[PHPMailer debug] SERVER -> CLIENT: 220 2.0.0 Ready to start TLS

[PHPMailer debug] CLIENT -> SERVER: EHLO localhost

[PHPMailer debug] SERVER -> CLIENT: 250-smtp.gmail.com at your service, [2001:4450:4fde:5100:84b4:d7f4:3d96:f56]
250-SIZE 35882577
250-8BITMIME
250-AUTH LOGIN PLAIN XOAUTH2 PLAIN-CLIENTTOKEN OAUTHBEARER XOAUTH
250-ENHANCEDSTATUSCODES
250-PIPELINING
250-CHUNKING
250 SMTPUTF8

[PHPMailer debug] CLIENT -> SERVER: AUTH LOGIN

[PHPMailer debug] SERVER -> CLIENT: 334 VXNlcm5hbWU6

[PHPMailer debug] CLIENT -> SERVER: [credentials hidden]
[PHPMailer debug] SERVER -> CLIENT: 334 UGFzc3dvcmQ6

[PHPMailer debug] CLIENT -> SERVER: [credentials hidden]
[PHPMailer debug] SERVER -> CLIENT: 235 2.7.0 Accepted

[PHPMailer debug] CLIENT -> SERVER: MAIL FROM:<renzledesma2007@gmail.com>

[PHPMailer debug] SERVER -> CLIENT: 250 2.1.0 OK d2e1a72fcca58-7d15fb1486asm10224707b3a.61 - gsmtp

[PHPMailer debug] CLIENT -> SERVER: RCPT TO:<karlledesma2007@gmail.com>

[PHPMailer debug] SERVER -> CLIENT: 250 2.1.5 OK d2e1a72fcca58-7d15fb1486asm10224707b3a.61 - gsmtp

[PHPMailer debug] CLIENT -> SERVER: DATA

[PHPMailer debug] SERVER -> CLIENT: 354 Go ahead d2e1a72fcca58-7d15fb1486asm10224707b3a.61 - gsmtp

[PHPMailer debug] CLIENT -> SERVER: Date: Sun, 30 Nov 2025 12:18:18 +0100

[PHPMailer debug] CLIENT -> SERVER: To: karlledesma2007@gmail.com

[PHPMailer debug] CLIENT -> SERVER: From: 4D Signs <renzledesma2007@gmail.com>

[PHPMailer debug] CLIENT -> SERVER: Subject: =?iso-8859-1?Q?4D_Signs_=E2=80=94_Verification_Code?=

[PHPMailer debug] CLIENT -> SERVER: Message-ID: <FvruEFsM99Xz00RgHd12HqaLOTXcKF3WF7Jo4sPa1gE@localhost>

[PHPMailer debug] CLIENT -> SERVER: X-Mailer: PHPMailer 7.0.1 (https://github.com/PHPMailer/PHPMailer)

[PHPMailer debug] CLIENT -> SERVER: MIME-Version: 1.0

[PHPMailer debug] CLIENT -> SERVER: Content-Type: text/plain; charset=iso-8859-1

[PHPMailer debug] CLIENT -> SERVER: 

[PHPMailer debug] CLIENT -> SERVER: Your OTP code is: 355162

[PHPMailer debug] CLIENT -> SERVER: This code expires in 15 minutes.

[PHPMailer debug] CLIENT -> SERVER: 

[PHPMailer debug] CLIENT -> SERVER: .

[PHPMailer debug] SERVER -> CLIENT: 250 2.0.0 OK  1764501501 d2e1a72fcca58-7d15fb1486asm10224707b3a.61 - gsmtp

[PHPMailer debug] CLIENT -> SERVER: QUIT

[PHPMailer debug] SERVER -> CLIENT: 221 2.0.0 closing connection d2e1a72fcca58-7d15fb1486asm10224707b3a.61 - gsmtp

[PHPMailer debug] SERVER -> CLIENT: 220 smtp.gmail.com ESMTP d2e1a72fcca58-7d15e9c3f79sm10116176b3a.42 - gsmtp

[PHPMailer debug] CLIENT -> SERVER: EHLO localhost

[PHPMailer debug] SERVER -> CLIENT: 250-smtp.gmail.com at your service, [2001:4450:4fde:5100:84b4:d7f4:3d96:f56]
250-SIZE 35882577
250-8BITMIME
250-STARTTLS
250-ENHANCEDSTATUSCODES
250-PIPELINING
250-CHUNKING
250 SMTPUTF8

[PHPMailer debug] CLIENT -> SERVER: STARTTLS

[PHPMailer debug] SERVER -> CLIENT: 220 2.0.0 Ready to start TLS

[PHPMailer debug] CLIENT -> SERVER: EHLO localhost

[PHPMailer debug] SERVER -> CLIENT: 250-smtp.gmail.com at your service, [2001:4450:4fde:5100:84b4:d7f4:3d96:f56]
250-SIZE 35882577
250-8BITMIME
250-AUTH LOGIN PLAIN XOAUTH2 PLAIN-CLIENTTOKEN OAUTHBEARER XOAUTH
250-ENHANCEDSTATUSCODES
250-PIPELINING
250-CHUNKING
250 SMTPUTF8

[PHPMailer debug] CLIENT -> SERVER: AUTH LOGIN

[PHPMailer debug] SERVER -> CLIENT: 334 VXNlcm5hbWU6

[PHPMailer debug] CLIENT -> SERVER: [credentials hidden]
[PHPMailer debug] SERVER -> CLIENT: 334 UGFzc3dvcmQ6

[PHPMailer debug] CLIENT -> SERVER: [credentials hidden]
[PHPMailer debug] SERVER -> CLIENT: 235 2.7.0 Accepted

[PHPMailer debug] CLIENT -> SERVER: MAIL FROM:<renzledesma2007@gmail.com>

[PHPMailer debug] SERVER -> CLIENT: 250 2.1.0 OK d2e1a72fcca58-7d15e9c3f79sm10116176b3a.42 - gsmtp

[PHPMailer debug] CLIENT -> SERVER: RCPT TO:<karlledesma2007@gmail.com>

[PHPMailer debug] SERVER -> CLIENT: 250 2.1.5 OK d2e1a72fcca58-7d15e9c3f79sm10116176b3a.42 - gsmtp

[PHPMailer debug] CLIENT -> SERVER: DATA

[PHPMailer debug] SERVER -> CLIENT: 354 Go ahead d2e1a72fcca58-7d15e9c3f79sm10116176b3a.42 - gsmtp

[PHPMailer debug] CLIENT -> SERVER: Date: Sun, 30 Nov 2025 12:18:42 +0100

[PHPMailer debug] CLIENT -> SERVER: To: karlledesma2007@gmail.com

[PHPMailer debug] CLIENT -> SERVER: From: 4D Signs <renzledesma2007@gmail.com>

[PHPMailer debug] CLIENT -> SERVER: Subject: =?iso-8859-1?Q?4D_Signs_=E2=80=94_Verification_Code?=

[PHPMailer debug] CLIENT -> SERVER: Message-ID: <yE9VHYQGFn7GaQtjXKxFN7EmLbyxPFHJkJvbH81aII4@localhost>

[PHPMailer debug] CLIENT -> SERVER: X-Mailer: PHPMailer 7.0.1 (https://github.com/PHPMailer/PHPMailer)

[PHPMailer debug] CLIENT -> SERVER: MIME-Version: 1.0

[PHPMailer debug] CLIENT -> SERVER: Content-Type: text/plain; charset=iso-8859-1

[PHPMailer debug] CLIENT -> SERVER: 

[PHPMailer debug] CLIENT -> SERVER: Your new OTP code is: 405738

[PHPMailer debug] CLIENT -> SERVER: This code expires in 15 minutes.

[PHPMailer debug] CLIENT -> SERVER: 

[PHPMailer debug] CLIENT -> SERVER: .

[PHPMailer debug] SERVER -> CLIENT: 250 2.0.0 OK  1764501525 d2e1a72fcca58-7d15e9c3f79sm10116176b3a.42 - gsmtp

[PHPMailer debug] CLIENT -> SERVER: QUIT

[PHPMailer debug] SERVER -> CLIENT: 221 2.0.0 closing connection d2e1a72fcca58-7d15e9c3f79sm10116176b3a.42 - gsmtp

[PHPMailer debug] SERVER -> CLIENT: 220 smtp.gmail.com ESMTP d2e1a72fcca58-7d54b003177sm4854622b3a.14 - gsmtp

[PHPMailer debug] CLIENT -> SERVER: EHLO localhost

[PHPMailer debug] SERVER -> CLIENT: 250-smtp.gmail.com at your service, [2001:4450:4fde:5100:84b4:d7f4:3d96:f56]
250-SIZE 35882577
250-8BITMIME
250-STARTTLS
250-ENHANCEDSTATUSCODES
250-PIPELINING
250-CHUNKING
250 SMTPUTF8

[PHPMailer debug] CLIENT -> SERVER: STARTTLS

[PHPMailer debug] SERVER -> CLIENT: 220 2.0.0 Ready to start TLS

[PHPMailer debug] CLIENT -> SERVER: EHLO localhost

[PHPMailer debug] SERVER -> CLIENT: 250-smtp.gmail.com at your service, [2001:4450:4fde:5100:84b4:d7f4:3d96:f56]
250-SIZE 35882577
250-8BITMIME
250-AUTH LOGIN PLAIN XOAUTH2 PLAIN-CLIENTTOKEN OAUTHBEARER XOAUTH
250-ENHANCEDSTATUSCODES
250-PIPELINING
250-CHUNKING
250 SMTPUTF8

[PHPMailer debug] CLIENT -> SERVER: AUTH LOGIN

[PHPMailer debug] SERVER -> CLIENT: 334 VXNlcm5hbWU6

[PHPMailer debug] CLIENT -> SERVER: [credentials hidden]
[PHPMailer debug] SERVER -> CLIENT: 334 UGFzc3dvcmQ6

[PHPMailer debug] CLIENT -> SERVER: [credentials hidden]
[PHPMailer debug] SERVER -> CLIENT: 235 2.7.0 Accepted

[PHPMailer debug] CLIENT -> SERVER: MAIL FROM:<renzledesma2007@gmail.com>

[PHPMailer debug] SERVER -> CLIENT: 250 2.1.0 OK d2e1a72fcca58-7d54b003177sm4854622b3a.14 - gsmtp

[PHPMailer debug] CLIENT -> SERVER: RCPT TO:<karlledesma2007@gmail.com>

[PHPMailer debug] SERVER -> CLIENT: 250 2.1.5 OK d2e1a72fcca58-7d54b003177sm4854622b3a.14 - gsmtp

[PHPMailer debug] CLIENT -> SERVER: DATA

[PHPMailer debug] SERVER -> CLIENT: 354 Go ahead d2e1a72fcca58-7d54b003177sm4854622b3a.14 - gsmtp

[PHPMailer debug] CLIENT -> SERVER: Date: Sun, 30 Nov 2025 12:24:04 +0100

[PHPMailer debug] CLIENT -> SERVER: To: karlledesma2007@gmail.com

[PHPMailer debug] CLIENT -> SERVER: From: 4D Signs <renzledesma2007@gmail.com>

[PHPMailer debug] CLIENT -> SERVER: Subject: =?iso-8859-1?Q?4D_Signs_=E2=80=94_Verification_Code?=

[PHPMailer debug] CLIENT -> SERVER: Message-ID: <BD1GQOtA3xbZhq2v8psVuf6BvoTJNEePLKWLcI27I@localhost>

[PHPMailer debug] CLIENT -> SERVER: X-Mailer: PHPMailer 7.0.1 (https://github.com/PHPMailer/PHPMailer)

[PHPMailer debug] CLIENT -> SERVER: MIME-Version: 1.0

[PHPMailer debug] CLIENT -> SERVER: Content-Type: text/plain; charset=iso-8859-1

[PHPMailer debug] CLIENT -> SERVER: 

[PHPMailer debug] CLIENT -> SERVER: Your OTP code is: 915157

[PHPMailer debug] CLIENT -> SERVER: This code expires in 15 minutes.

[PHPMailer debug] CLIENT -> SERVER: 

[PHPMailer debug] CLIENT -> SERVER: .

[PHPMailer debug] SERVER -> CLIENT: 250 2.0.0 OK  1764501847 d2e1a72fcca58-7d54b003177sm4854622b3a.14 - gsmtp

[PHPMailer debug] CLIENT -> SERVER: QUIT

[PHPMailer debug] SERVER -> CLIENT: 221 2.0.0 closing connection d2e1a72fcca58-7d54b003177sm4854622b3a.14 - gsmtp

[LOGIN] session_id=pk5j4flcha7qpifa6odkmuq945; session_before=["user_id","username","email","profile_pic"][LOGIN] Attempt: input=admin (from POST)
[LOGIN] User found: id=11 username={admin} email={karlledesma2007@gmail.com} is_verified=1[LOGIN] Success: wrote session user_id=11, session_id=av1m8a9ii6i1n5q5i5a388hnii
[LOGIN] session_id=av1m8a9ii6i1n5q5i5a388hnii; session_before=["user_id","username","email","profile_pic"][LOGIN] Attempt: input=admin (from POST)
[LOGIN] User found: id=11 username={admin} email={karlledesma2007@gmail.com} is_verified=1[LOGIN] Success: wrote session user_id=11, session_id=d3s8dc245ts0gj485f2rjltavc
[LOGIN] session_id=d3s8dc245ts0gj485f2rjltavc; session_before=["user_id","username","email","profile_pic"][LOGIN] Attempt: input=admin (from POST)
[LOGIN] User found: id=11 username={admin} email={karlledesma2007@gmail.com} is_verified=1[LOGIN] Success: wrote session user_id=11, session_id=oqkstc75nvjkd7k9jdogeof4pj
[LOGIN] session_id=oqkstc75nvjkd7k9jdogeof4pj; session_before=["user_id","username","email","profile_pic"][LOGIN] Attempt: input=admin (from POST)
[LOGIN] User found: id=11 username={admin} email={karlledesma2007@gmail.com} is_verified=1[LOGIN] Success: wrote session user_id=11, session_id=vbb35tvcc16v85a4mu0vk70fbs
[DEBUG] set_session: user_id=123 username=testdebug session_id=3thglsd4krhiqo5q47777ng14o
[LOGIN] session_id=b1r704j7g1n2qdulnrt77oi55r; session_before=[][LOGIN] Attempt: input=manualtest (from POST)
[LOGIN] User found: id=12 username={manualtest} email={manualtest@example.local} is_verified=1[LOGIN] Success: wrote session user_id=12, session_id=j518398os2ko4i8sur1j8n3cq7
[LOGIN] session_id=e9h8k5n6abs8sgktj9vqlmbnf6; session_before=[][LOGIN] Attempt: input=manualtest (from POST)
[LOGIN] User found: id=12 username={manualtest} email={manualtest@example.local} is_verified=1[LOGIN] Success: wrote session user_id=12, session_id=0bs8022ombb3fo866juvub0h47
[LOGIN] session_id=vbb35tvcc16v85a4mu0vk70fbs; session_before=["user_id","username","email","profile_pic"][LOGIN] Attempt: input=admin (from POST)
[LOGIN] User found: id=11 username={admin} email={karlledesma2007@gmail.com} is_verified=1[LOGIN] Success: wrote session user_id=11, session_id=4kdauh1oekuq0anndsgi9j591d
[LOGIN] session_id=4kdauh1oekuq0anndsgi9j591d; session_before=["user_id","username","email","profile_pic"][LOGIN] Attempt: input=admin (from POST)
[LOGIN] User found: id=11 username={admin} email={karlledesma2007@gmail.com} is_verified=1[LOGIN] Success: wrote session user_id=11, session_id=gfdid9q27cnolb52v4c9ln1l5v
[LOGIN] session_id=gfdid9q27cnolb52v4c9ln1l5v; session_before=["user_id","username","email","profile_pic"][LOGIN] Attempt: input=asda (from POST)
[LOGIN] session_id=gfdid9q27cnolb52v4c9ln1l5v; session_before=["user_id","username","email","profile_pic"][LOGIN] Attempt: input=awdwad (from POST)
[LOGIN] session_id=trtr57dv1h4c5jo3hvbjsus0dr; session_before=[][LOGIN] Attempt: input=doesnotexist (from POST)
[LOGIN] session_id=5kvlm7ssati92908ueqrcp2pbv; session_before=[][LOGIN] Attempt: input=doesnotexist (from POST)
[LOGIN] session_id=rn260q9jj5j959p8hbof55k448; session_before=[][LOGIN] Attempt: input=manualtest (from POST)
[LOGIN] User found: id=12 username={manualtest} email={manualtest@example.local} is_verified=1[LOGIN] session_id=gfdid9q27cnolb52v4c9ln1l5v; session_before=["user_id","username","email","profile_pic"][LOGIN] Attempt: input=wddwad (from POST)
[LOGIN] session_id=gfdid9q27cnolb52v4c9ln1l5v; session_before=["user_id","username","email","profile_pic"][LOGIN] Attempt: input=admin (from POST)
[LOGIN] User found: id=11 username={admin} email={karlledesma2007@gmail.com} is_verified=1[PHPMailer debug] SERVER -> CLIENT: 220 smtp.gmail.com ESMTP d2e1a72fcca58-7d150b684e2sm10457052b3a.11 - gsmtp

[PHPMailer debug] CLIENT -> SERVER: EHLO localhost

[PHPMailer debug] SERVER -> CLIENT: 250-smtp.gmail.com at your service, [2001:4450:4fde:5100:c1b9:fe58:eeb2:5eac]
250-SIZE 35882577
250-8BITMIME
250-STARTTLS
250-ENHANCEDSTATUSCODES
250-PIPELINING
250-CHUNKING
250 SMTPUTF8

[PHPMailer debug] CLIENT -> SERVER: STARTTLS

[PHPMailer debug] SERVER -> CLIENT: 220 2.0.0 Ready to start TLS

[PHPMailer debug] CLIENT -> SERVER: EHLO localhost

[PHPMailer debug] SERVER -> CLIENT: 250-smtp.gmail.com at your service, [2001:4450:4fde:5100:c1b9:fe58:eeb2:5eac]
250-SIZE 35882577
250-8BITMIME
250-AUTH LOGIN PLAIN XOAUTH2 PLAIN-CLIENTTOKEN OAUTHBEARER XOAUTH
250-ENHANCEDSTATUSCODES
250-PIPELINING
250-CHUNKING
250 SMTPUTF8

[PHPMailer debug] CLIENT -> SERVER: AUTH LOGIN

[PHPMailer debug] SERVER -> CLIENT: 334 VXNlcm5hbWU6

[PHPMailer debug] CLIENT -> SERVER: [credentials hidden]
[PHPMailer debug] SERVER -> CLIENT: 334 UGFzc3dvcmQ6

[PHPMailer debug] CLIENT -> SERVER: [credentials hidden]
[PHPMailer debug] SERVER -> CLIENT: 235 2.7.0 Accepted

[PHPMailer debug] CLIENT -> SERVER: MAIL FROM:<renzledesma2007@gmail.com>

[PHPMailer debug] SERVER -> CLIENT: 250 2.1.0 OK d2e1a72fcca58-7d150b684e2sm10457052b3a.11 - gsmtp

[PHPMailer debug] CLIENT -> SERVER: RCPT TO:<karlledesma2007@gmail.com>

[PHPMailer debug] SERVER -> CLIENT: 250 2.1.5 OK d2e1a72fcca58-7d150b684e2sm10457052b3a.11 - gsmtp

[PHPMailer debug] CLIENT -> SERVER: DATA

[PHPMailer debug] SERVER -> CLIENT: 354 Go ahead d2e1a72fcca58-7d150b684e2sm10457052b3a.11 - gsmtp

[PHPMailer debug] CLIENT -> SERVER: Date: Sun, 30 Nov 2025 13:30:14 +0100

[PHPMailer debug] CLIENT -> SERVER: To: karlledesma2007@gmail.com

[PHPMailer debug] CLIENT -> SERVER: From: 4D Signs <renzledesma2007@gmail.com>

[PHPMailer debug] CLIENT -> SERVER: Subject: =?iso-8859-1?Q?4D_Signs_=E2=80=94_Verification_Code?=

[PHPMailer debug] CLIENT -> SERVER: Message-ID: <2bzgJbEEEMYsybGM9fIx7H7mPMbq0MDuVbjyj6WtqY@localhost>

[PHPMailer debug] CLIENT -> SERVER: X-Mailer: PHPMailer 7.0.1 (https://github.com/PHPMailer/PHPMailer)

[PHPMailer debug] CLIENT -> SERVER: MIME-Version: 1.0

[PHPMailer debug] CLIENT -> SERVER: Content-Type: text/plain; charset=iso-8859-1

[PHPMailer debug] CLIENT -> SERVER: 

[PHPMailer debug] CLIENT -> SERVER: Your OTP code is: 157314

[PHPMailer debug] CLIENT -> SERVER: This code expires in 15 minutes.

[PHPMailer debug] CLIENT -> SERVER: 

[PHPMailer debug] CLIENT -> SERVER: .

[PHPMailer debug] SERVER -> CLIENT: 250 2.0.0 OK  1764505820 d2e1a72fcca58-7d150b684e2sm10457052b3a.11 - gsmtp

[PHPMailer debug] CLIENT -> SERVER: QUIT

[PHPMailer debug] SERVER -> CLIENT: 221 2.0.0 closing connection d2e1a72fcca58-7d150b684e2sm10457052b3a.11 - gsmtp

[PHPMailer debug] SERVER -> CLIENT: 220 smtp.gmail.com ESMTP d2e1a72fcca58-7d150b684efsm10610544b3a.1 - gsmtp

[PHPMailer debug] CLIENT -> SERVER: EHLO localhost

[PHPMailer debug] SERVER -> CLIENT: 250-smtp.gmail.com at your service, [2001:4450:4fde:5100:c1b9:fe58:eeb2:5eac]
250-SIZE 35882577
250-8BITMIME
250-STARTTLS
250-ENHANCEDSTATUSCODES
250-PIPELINING
250-CHUNKING
250 SMTPUTF8

[PHPMailer debug] CLIENT -> SERVER: STARTTLS

[PHPMailer debug] SERVER -> CLIENT: 220 2.0.0 Ready to start TLS

[PHPMailer debug] CLIENT -> SERVER: EHLO localhost

[PHPMailer debug] SERVER -> CLIENT: 250-smtp.gmail.com at your service, [2001:4450:4fde:5100:c1b9:fe58:eeb2:5eac]
250-SIZE 35882577
250-8BITMIME
250-AUTH LOGIN PLAIN XOAUTH2 PLAIN-CLIENTTOKEN OAUTHBEARER XOAUTH
250-ENHANCEDSTATUSCODES
250-PIPELINING
250-CHUNKING
250 SMTPUTF8

[PHPMailer debug] CLIENT -> SERVER: AUTH LOGIN

[PHPMailer debug] SERVER -> CLIENT: 334 VXNlcm5hbWU6

[PHPMailer debug] CLIENT -> SERVER: [credentials hidden]
[PHPMailer debug] SERVER -> CLIENT: 334 UGFzc3dvcmQ6

[PHPMailer debug] CLIENT -> SERVER: [credentials hidden]
[PHPMailer debug] SERVER -> CLIENT: 235 2.7.0 Accepted

[PHPMailer debug] CLIENT -> SERVER: MAIL FROM:<renzledesma2007@gmail.com>

[PHPMailer debug] SERVER -> CLIENT: 250 2.1.0 OK d2e1a72fcca58-7d150b684efsm10610544b3a.1 - gsmtp

[PHPMailer debug] CLIENT -> SERVER: RCPT TO:<karlledesma2007@gmail.com>

[PHPMailer debug] SERVER -> CLIENT: 250 2.1.5 OK d2e1a72fcca58-7d150b684efsm10610544b3a.1 - gsmtp

[PHPMailer debug] CLIENT -> SERVER: DATA

[PHPMailer debug] SERVER -> CLIENT: 354 Go ahead d2e1a72fcca58-7d150b684efsm10610544b3a.1 - gsmtp

[PHPMailer debug] CLIENT -> SERVER: Date: Sun, 30 Nov 2025 13:30:59 +0100

[PHPMailer debug] CLIENT -> SERVER: To: karlledesma2007@gmail.com

[PHPMailer debug] CLIENT -> SERVER: From: 4D Signs <renzledesma2007@gmail.com>

[PHPMailer debug] CLIENT -> SERVER: Subject: =?iso-8859-1?Q?4D_Signs_=E2=80=94_Verification_Code?=

[PHPMailer debug] CLIENT -> SERVER: Message-ID: <0PkyheRN6pzioobrWw6M2JVNQaaZBHiz2Ae9yv25fM@localhost>

[PHPMailer debug] CLIENT -> SERVER: X-Mailer: PHPMailer 7.0.1 (https://github.com/PHPMailer/PHPMailer)

[PHPMailer debug] CLIENT -> SERVER: MIME-Version: 1.0

[PHPMailer debug] CLIENT -> SERVER: Content-Type: text/plain; charset=iso-8859-1

[PHPMailer debug] CLIENT -> SERVER: 

[PHPMailer debug] CLIENT -> SERVER: Your new OTP code is: 691268

[PHPMailer debug] CLIENT -> SERVER: This code expires in 15 minutes.

[PHPMailer debug] CLIENT -> SERVER: 

[PHPMailer debug] CLIENT -> SERVER: .

[PHPMailer debug] SERVER -> CLIENT: 250 2.0.0 OK  1764505864 d2e1a72fcca58-7d150b684efsm10610544b3a.1 - gsmtp

[PHPMailer debug] CLIENT -> SERVER: QUIT

[PHPMailer debug] SERVER -> CLIENT: 221 2.0.0 closing connection d2e1a72fcca58-7d150b684efsm10610544b3a.1 - gsmtp

[LOGIN] session_id=gfdid9q27cnolb52v4c9ln1l5v; session_before=["user_id","username","email","profile_pic"][LOGIN] Attempt: input=reynskerlll (from POST)
[LOGIN] User found: id=13 username={reynskerlll} email={karlledesma2007@gmail.com} is_verified=1[PHPMailer debug] SERVER -> CLIENT: 220 smtp.gmail.com ESMTP d9443c01a7336-29bceb542a4sm93153565ad.86 - gsmtp

[PHPMailer debug] CLIENT -> SERVER: EHLO localhost

[PHPMailer debug] SERVER -> CLIENT: 250-smtp.gmail.com at your service, [2001:4450:4fde:5100:c1b9:fe58:eeb2:5eac]
250-SIZE 35882577
250-8BITMIME
250-STARTTLS
250-ENHANCEDSTATUSCODES
250-PIPELINING
250-CHUNKING
250 SMTPUTF8

[PHPMailer debug] CLIENT -> SERVER: STARTTLS

[PHPMailer debug] SERVER -> CLIENT: 220 2.0.0 Ready to start TLS

[PHPMailer debug] CLIENT -> SERVER: EHLO localhost

[PHPMailer debug] SERVER -> CLIENT: 250-smtp.gmail.com at your service, [2001:4450:4fde:5100:c1b9:fe58:eeb2:5eac]
250-SIZE 35882577
250-8BITMIME
250-AUTH LOGIN PLAIN XOAUTH2 PLAIN-CLIENTTOKEN OAUTHBEARER XOAUTH
250-ENHANCEDSTATUSCODES
250-PIPELINING
250-CHUNKING
250 SMTPUTF8

[PHPMailer debug] CLIENT -> SERVER: AUTH LOGIN

[PHPMailer debug] SERVER -> CLIENT: 334 VXNlcm5hbWU6

[PHPMailer debug] CLIENT -> SERVER: [credentials hidden]
[PHPMailer debug] SERVER -> CLIENT: 334 UGFzc3dvcmQ6

[PHPMailer debug] CLIENT -> SERVER: [credentials hidden]
[PHPMailer debug] SERVER -> CLIENT: 235 2.7.0 Accepted

[PHPMailer debug] CLIENT -> SERVER: MAIL FROM:<renzledesma2007@gmail.com>

[PHPMailer debug] SERVER -> CLIENT: 250 2.1.0 OK d9443c01a7336-29bceb542a4sm93153565ad.86 - gsmtp

[PHPMailer debug] CLIENT -> SERVER: RCPT TO:<karlledesma2007@gmail.com>

[PHPMailer debug] SERVER -> CLIENT: 250 2.1.5 OK d9443c01a7336-29bceb542a4sm93153565ad.86 - gsmtp

[PHPMailer debug] CLIENT -> SERVER: DATA

[PHPMailer debug] SERVER -> CLIENT: 354 Go ahead d9443c01a7336-29bceb542a4sm93153565ad.86 - gsmtp

[PHPMailer debug] CLIENT -> SERVER: Date: Sun, 30 Nov 2025 13:38:51 +0100

[PHPMailer debug] CLIENT -> SERVER: To: karlledesma2007@gmail.com

[PHPMailer debug] CLIENT -> SERVER: From: 4D Signs <renzledesma2007@gmail.com>

[PHPMailer debug] CLIENT -> SERVER: Subject: =?iso-8859-1?Q?4D_Signs_=E2=80=94_Verification_Code?=

[PHPMailer debug] CLIENT -> SERVER: Message-ID: <b6EtUljUlQShYdFswe5DJQwFJdFpR6IPCAj0yLJuQFM@localhost>

[PHPMailer debug] CLIENT -> SERVER: X-Mailer: PHPMailer 7.0.1 (https://github.com/PHPMailer/PHPMailer)

[PHPMailer debug] CLIENT -> SERVER: MIME-Version: 1.0

[PHPMailer debug] CLIENT -> SERVER: Content-Type: text/plain; charset=iso-8859-1

[PHPMailer debug] CLIENT -> SERVER: 

[PHPMailer debug] CLIENT -> SERVER: Your OTP code is: 296192

[PHPMailer debug] CLIENT -> SERVER: This code expires in 15 minutes.

[PHPMailer debug] CLIENT -> SERVER: 

[PHPMailer debug] CLIENT -> SERVER: .

[PHPMailer debug] SERVER -> CLIENT: 250 2.0.0 OK  1764506336 d9443c01a7336-29bceb542a4sm93153565ad.86 - gsmtp

[PHPMailer debug] CLIENT -> SERVER: QUIT

[PHPMailer debug] SERVER -> CLIENT: 221 2.0.0 closing connection d9443c01a7336-29bceb542a4sm93153565ad.86 - gsmtp

[LOGIN] session_id=gmtg1r5hq8km0h7ncih326hifi; session_before=[][LOGIN] Attempt: input=admin (from POST)
[LOGIN] User found: id=14 username={admin} email={karlledesma2007@gmail.com} is_verified=1[LOGIN] Success: wrote session user_id=14, session_id=p0fvtrcf7c220kicong785iqqd
[LOGIN] session_id=p0fvtrcf7c220kicong785iqqd; session_before=["user_id","username","email","profile_pic"][LOGIN] Attempt: input=karlledesma2007@gmail.com (from POST)
[LOGIN] User found: id=14 username={admin} email={karlledesma2007@gmail.com} is_verified=1[LOGIN] Success: wrote session user_id=14, session_id=2urfrgn8m7iikiejrd6kdsakg9
[LOGIN] session_id=frtalhs1glg2vhntf4posct15i; session_before=[][LOGIN] Attempt: input=awd (from POST)
[LOGIN] session_id=frtalhs1glg2vhntf4posct15i; session_before=[][LOGIN] Attempt: input=karlledesma2007@gmail.com (from POST)
[LOGIN] User found: id=14 username={admin} email={karlledesma2007@gmail.com} is_verified=1[LOGIN] Success: wrote session user_id=14, session_id=nko6ogi3tlnr1a78r5vvj5m5kf
[PHPMailer debug] SERVER -> CLIENT: 220 smtp.gmail.com ESMTP d2e1a72fcca58-7d15e6e5e2dsm10503199b3a.35 - gsmtp

[PHPMailer debug] CLIENT -> SERVER: EHLO localhost

[PHPMailer debug] SERVER -> CLIENT: 250-smtp.gmail.com at your service, [2001:4450:4fde:5100:100f:10b2:9006:cd5a]
250-SIZE 35882577
250-8BITMIME
250-STARTTLS
250-ENHANCEDSTATUSCODES
250-PIPELINING
250-CHUNKING
250 SMTPUTF8

[PHPMailer debug] CLIENT -> SERVER: STARTTLS

[PHPMailer debug] SERVER -> CLIENT: 220 2.0.0 Ready to start TLS

[PHPMailer debug] CLIENT -> SERVER: EHLO localhost

[PHPMailer debug] SERVER -> CLIENT: 250-smtp.gmail.com at your service, [2001:4450:4fde:5100:100f:10b2:9006:cd5a]
250-SIZE 35882577
250-8BITMIME
250-AUTH LOGIN PLAIN XOAUTH2 PLAIN-CLIENTTOKEN OAUTHBEARER XOAUTH
250-ENHANCEDSTATUSCODES
250-PIPELINING
250-CHUNKING
250 SMTPUTF8

[PHPMailer debug] CLIENT -> SERVER: AUTH LOGIN

[PHPMailer debug] SERVER -> CLIENT: 334 VXNlcm5hbWU6

[PHPMailer debug] CLIENT -> SERVER: [credentials hidden]
[PHPMailer debug] SERVER -> CLIENT: 334 UGFzc3dvcmQ6

[PHPMailer debug] CLIENT -> SERVER: [credentials hidden]
[PHPMailer debug] SERVER -> CLIENT: 235 2.7.0 Accepted

[PHPMailer debug] CLIENT -> SERVER: MAIL FROM:<renzledesma2007@gmail.com>

[PHPMailer debug] SERVER -> CLIENT: 250 2.1.0 OK d2e1a72fcca58-7d15e6e5e2dsm10503199b3a.35 - gsmtp

[PHPMailer debug] CLIENT -> SERVER: RCPT TO:<karlledesma2007@gmail.com>

[PHPMailer debug] SERVER -> CLIENT: 250 2.1.5 OK d2e1a72fcca58-7d15e6e5e2dsm10503199b3a.35 - gsmtp

[PHPMailer debug] CLIENT -> SERVER: DATA

[PHPMailer debug] SERVER -> CLIENT: 354 Go ahead d2e1a72fcca58-7d15e6e5e2dsm10503199b3a.35 - gsmtp

[PHPMailer debug] CLIENT -> SERVER: Date: Sun, 30 Nov 2025 15:11:08 +0100

[PHPMailer debug] CLIENT -> SERVER: To: karlledesma2007@gmail.com

[PHPMailer debug] CLIENT -> SERVER: From: 4D Signs <renzledesma2007@gmail.com>

[PHPMailer debug] CLIENT -> SERVER: Subject: =?iso-8859-1?Q?4D_Signs_=E2=80=94_Verification_Code?=

[PHPMailer debug] CLIENT -> SERVER: Message-ID: <9ufQFCMR0wSeh3bvL8BBWSiF7rA9VUen5tifHKykwk@localhost>

[PHPMailer debug] CLIENT -> SERVER: X-Mailer: PHPMailer 7.0.1 (https://github.com/PHPMailer/PHPMailer)

[PHPMailer debug] CLIENT -> SERVER: MIME-Version: 1.0

[PHPMailer debug] CLIENT -> SERVER: Content-Type: text/plain; charset=iso-8859-1

[PHPMailer debug] CLIENT -> SERVER: 

[PHPMailer debug] CLIENT -> SERVER: Your OTP code is: 810727

[PHPMailer debug] CLIENT -> SERVER: This code expires in 15 minutes.

[PHPMailer debug] CLIENT -> SERVER: 

[PHPMailer debug] CLIENT -> SERVER: .

[PHPMailer debug] SERVER -> CLIENT: 250 2.0.0 OK  1764511873 d2e1a72fcca58-7d15e6e5e2dsm10503199b3a.35 - gsmtp

[PHPMailer debug] CLIENT -> SERVER: QUIT

[PHPMailer debug] SERVER -> CLIENT: 221 2.0.0 closing connection d2e1a72fcca58-7d15e6e5e2dsm10503199b3a.35 - gsmtp

[LOGIN] session_id=nko6ogi3tlnr1a78r5vvj5m5kf; session_before=["user_id","username","email","profile_pic"][LOGIN] Attempt: input=admin (from POST)
[LOGIN] User found: id=15 username={admin} email={karlledesma2007@gmail.com} is_verified=1[LOGIN] session_id=nko6ogi3tlnr1a78r5vvj5m5kf; session_before=["user_id","username","email","profile_pic"][LOGIN] Attempt: input=admin (from POST)
[LOGIN] User found: id=15 username={admin} email={karlledesma2007@gmail.com} is_verified=1[LOGIN] Success: wrote session user_id=15, session_id=u9mfbb7ukvjo1o1npekj4imhvr
[LOGIN] session_id=u9mfbb7ukvjo1o1npekj4imhvr; session_before=["user_id","username","email","profile_pic"][LOGIN] Attempt: input=admin (from POST)
[LOGIN] User found: id=15 username={admin} email={karlledesma2007@gmail.com} is_verified=1[LOGIN] Success: wrote session user_id=15, session_id=pf9t2o61meaomhuosh0g4hq44r
[LOGIN] session_id=n6u17t453329s41d9tll7r3ts2; session_before=[][LOGIN] Attempt: input=admin (from POST)
[LOGIN] User found: id=15 username={admin} email={karlledesma2007@gmail.com} is_verified=1[LOGIN] Success: wrote session user_id=15, session_id=2epr9f3ve7aospbjve4v8icto0
[PHPMailer debug] SERVER -> CLIENT: 220 smtp.gmail.com ESMTP d9443c01a7336-29bce470347sm95607755ad.41 - gsmtp

[PHPMailer debug] CLIENT -> SERVER: EHLO localhost

[PHPMailer debug] SERVER -> CLIENT: 250-smtp.gmail.com at your service, [2001:4450:4fde:5100:100f:10b2:9006:cd5a]
250-SIZE 35882577
250-8BITMIME
250-STARTTLS
250-ENHANCEDSTATUSCODES
250-PIPELINING
250-CHUNKING
250 SMTPUTF8

[PHPMailer debug] CLIENT -> SERVER: STARTTLS

[PHPMailer debug] SERVER -> CLIENT: 220 2.0.0 Ready to start TLS

[PHPMailer debug] CLIENT -> SERVER: EHLO localhost

[PHPMailer debug] SERVER -> CLIENT: 250-smtp.gmail.com at your service, [2001:4450:4fde:5100:100f:10b2:9006:cd5a]
250-SIZE 35882577
250-8BITMIME
250-AUTH LOGIN PLAIN XOAUTH2 PLAIN-CLIENTTOKEN OAUTHBEARER XOAUTH
250-ENHANCEDSTATUSCODES
250-PIPELINING
250-CHUNKING
250 SMTPUTF8

[PHPMailer debug] CLIENT -> SERVER: AUTH LOGIN

[PHPMailer debug] SERVER -> CLIENT: 334 VXNlcm5hbWU6

[PHPMailer debug] CLIENT -> SERVER: [credentials hidden]
[PHPMailer debug] SERVER -> CLIENT: 334 UGFzc3dvcmQ6

[PHPMailer debug] CLIENT -> SERVER: [credentials hidden]
[PHPMailer debug] SERVER -> CLIENT: 235 2.7.0 Accepted

[PHPMailer debug] CLIENT -> SERVER: MAIL FROM:<renzledesma2007@gmail.com>

[PHPMailer debug] SERVER -> CLIENT: 250 2.1.0 OK d9443c01a7336-29bce470347sm95607755ad.41 - gsmtp

[PHPMailer debug] CLIENT -> SERVER: RCPT TO:<karlledesma2007@gmail.com>

[PHPMailer debug] SERVER -> CLIENT: 250 2.1.5 OK d9443c01a7336-29bce470347sm95607755ad.41 - gsmtp

[PHPMailer debug] CLIENT -> SERVER: DATA

[PHPMailer debug] SERVER -> CLIENT: 354 Go ahead d9443c01a7336-29bce470347sm95607755ad.41 - gsmtp

[PHPMailer debug] CLIENT -> SERVER: Date: Sun, 30 Nov 2025 15:34:23 +0100

[PHPMailer debug] CLIENT -> SERVER: To: karlledesma2007@gmail.com

[PHPMailer debug] CLIENT -> SERVER: From: 4D Signs <renzledesma2007@gmail.com>

[PHPMailer debug] CLIENT -> SERVER: Subject: =?iso-8859-1?Q?4D_Signs_=E2=80=94_Verification_Code?=

[PHPMailer debug] CLIENT -> SERVER: Message-ID: <waijMWJ4TLlw4dOSBooRuESGFaiGjE2Dq17c9Ps@localhost>

[PHPMailer debug] CLIENT -> SERVER: X-Mailer: PHPMailer 7.0.1 (https://github.com/PHPMailer/PHPMailer)

[PHPMailer debug] CLIENT -> SERVER: MIME-Version: 1.0

[PHPMailer debug] CLIENT -> SERVER: Content-Type: text/plain; charset=iso-8859-1

[PHPMailer debug] CLIENT -> SERVER: 

[PHPMailer debug] CLIENT -> SERVER: Your OTP code is: 523982

[PHPMailer debug] CLIENT -> SERVER: This code expires in 15 minutes.

[PHPMailer debug] CLIENT -> SERVER: 

[PHPMailer debug] CLIENT -> SERVER: .

[PHPMailer debug] SERVER -> CLIENT: 250 2.0.0 OK  1764513268 d9443c01a7336-29bce470347sm95607755ad.41 - gsmtp

[PHPMailer debug] CLIENT -> SERVER: QUIT

[PHPMailer debug] SERVER -> CLIENT: 221 2.0.0 closing connection d9443c01a7336-29bce470347sm95607755ad.41 - gsmtp

[VERIFY-OTP] Connecting DB: host=localhost db=4d_signs_db user=root
[VERIFY-OTP] Created users.id=16 from pending=14 in DB 4d_signs_db
[LOGIN] session_id=i77kt8upra134elv1gacldhuhl; session_before=[][LOGIN] DB: host=localhost db=4d_signs_db user=root
[LOGIN] Attempt: input=admin (from POST)
[LOGIN] User found: id=16 username={admin} email={karlledesma2007@gmail.com} is_verified=1[LOGIN] Success: wrote session user_id=16, session_id=2l1jikrmi3vijbjv65g17c15tl
[LOGIN] session_id=9v3alsiqe5cn1tjoonrtuuvhem; session_before=[][LOGIN] DB: host=localhost db=4d_signs_db user=root
[LOGIN] Attempt: input=reynskerlll (from POST)
[LOGIN] User found: id=16 username={reynskerlll} email={karlledesma2007@gmail.com} is_verified=1[LOGIN] Success: wrote session user_id=16, session_id=6e1tn5130f8sbauhjndehf37qg
[LOGIN] session_id=3gek0vo5avld1sf9njflds3315; session_before=[][LOGIN] DB: host=localhost db=4d_signs_db user=root
[LOGIN] Attempt: input=reynskerlll (from POST)
[LOGIN] User found: id=16 username={reynskerlll} email={karlledesma2007@gmail.com} is_verified=1[LOGIN] Success: wrote session user_id=16, session_id=27892phrc95qn98i76emcbd4s9
<<<<<<< HEAD
[LOGIN] session_id=odv5oq7u47948b6qh150lknqrm; session_before=[][LOGIN] DB: host=localhost db=4d_signs_db user=root
[LOGIN] Attempt: input=reynskerlll (from POST)
[LOGIN] User found: id=16 username={reynskerlll} email={karlledesma2007@gmail.com} is_verified=1[LOGIN] Success: wrote session user_id=16, session_id=48fmt7n84nek0fudcapspcok0v
[LOGIN] session_id=48fmt7n84nek0fudcapspcok0v; session_before=["user_id","username","email","profile_pic","phone","created_at","loggedInAt"][LOGIN] DB: host=localhost db=4d_signs_db user=root
[LOGIN] Attempt: input=reynskerlll (from POST)
[LOGIN] User found: id=16 username={reynskerlll} email={karlledesma2007@gmail.com} is_verified=1[LOGIN] Success: wrote session user_id=16, session_id=0ufb04irb5897329olu11khd79
=======
[LOGIN] session_id=38mmjohavut9u9ljgpcrf8no9b; session_before=[][LOGIN] DB: host=localhost db=4d_signs_db user=root
[LOGIN] Attempt: input=reynskerlll (from POST)
[LOGIN] User found: id=16 username={reynskerlll} email={karlledesma2007@gmail.com} is_verified=1[LOGIN] Success: wrote session user_id=16, session_id=ut9dhmf8g97o0l6kt75a34e3on
[LOGIN] session_id=m9pn7nsmqs1jp8gn8pejr6fsir; session_before=[][LOGIN] DB: host=localhost db=4d_signs_db user=root
[LOGIN] Attempt: input=reynskerlll (from POST)
[LOGIN] User found: id=16 username={reynskerlll} email={karlledesma2007@gmail.com} is_verified=1[LOGIN] Success: wrote session user_id=16, session_id=tkr0ua3j2v94b5ahfgfbavsoq7
[UPDATE-PROFILE] user=16 profile_pic_path=/4D-Signs/uploads/p_692c7a19dd3716.44536600.jpg
>>>>>>> 0e341163636fd314387c85d684fe61a2f3ec6daa
[LOGIN] session_id=m0a8jtln1kpep61jl9jd9c6r9s; session_before=[][LOGIN] DB: host=localhost db=4d_signs_db user=root
[LOGIN] Attempt: input=reynskerlll (from POST)
[LOGIN] User found: id=16 username={reynskerlll} email={karlledesma2007@gmail.com} is_verified=1[LOGIN] Success: wrote session user_id=16, session_id=97uf6kh0qgvl04pcvtiobuband
[LOGIN] session_id=97uf6kh0qgvl04pcvtiobuband; session_before=["user_id","username","email","profile_pic","phone","is_admin","created_at","loggedInAt"][LOGIN] DB: host=localhost db=4d_signs_db user=root
[LOGIN] Attempt: input=reynskerlll (from POST)
[LOGIN] User found: id=16 username={reynskerlll} email={karlledesma2007@gmail.com} is_verified=1[LOGIN] Success: wrote session user_id=16, session_id=46q5l63sj3ue2kgsgi3dfspues
